2019-07-01 17:27:42,443 CRIT Supervisor is running as root.  Privileges were not dropped because no user is specified in the config file.  If you intend to run as root, you can set user=root in the config file to avoid this message.
2019-07-01 17:27:42,491 INFO RPC interface 'supervisor' initialized
2019-07-01 17:27:42,492 CRIT Server 'unix_http_server' running without any HTTP authentication checking
2019-07-01 17:27:42,493 INFO daemonizing the supervisord process
2019-07-01 17:27:42,493 INFO set current directory: '/home/vunm'
2019-07-01 17:27:42,493 INFO supervisord started with pid 10279
2019-07-01 17:27:43,497 INFO spawned: 'api_8101' with pid 10296
2019-07-01 17:27:43,526 INFO exited: api_8101 (exit status 1; not expected)
2019-07-01 17:27:44,528 INFO spawned: 'api_8101' with pid 10307
2019-07-01 17:27:44,558 INFO exited: api_8101 (exit status 1; not expected)
2019-07-01 17:27:46,562 INFO spawned: 'api_8101' with pid 10334
2019-07-01 17:27:46,586 INFO exited: api_8101 (exit status 1; not expected)
2019-07-01 17:27:49,592 INFO spawned: 'api_8101' with pid 10365
2019-07-01 17:27:49,620 INFO exited: api_8101 (exit status 1; not expected)
2019-07-01 17:27:50,622 INFO gave up: api_8101 entered FATAL state, too many start retries too quickly
2019-07-01 17:34:24,316 CRIT Supervisor is running as root.  Privileges were not dropped because no user is specified in the config file.  If you intend to run as root, you can set user=root in the config file to avoid this message.
2019-07-01 17:42:22,273 CRIT Supervisor is running as root.  Privileges were not dropped because no user is specified in the config file.  If you intend to run as root, you can set user=root in the config file to avoid this message.
2019-07-01 17:42:22,278 INFO daemonizing the supervisord process
2019-07-01 17:42:22,279 INFO set current directory: '/home/vunm/'
2019-07-01 17:42:22,279 INFO supervisord started with pid 19645
2019-07-01 17:42:23,283 INFO spawned: 'port_9000' with pid 19662
2019-07-01 17:42:23,310 INFO exited: port_9000 (exit status 1; not expected)
2019-07-01 17:42:24,315 INFO spawned: 'port_9000' with pid 19673
2019-07-01 17:42:24,344 INFO exited: port_9000 (exit status 1; not expected)
2019-07-01 17:42:26,348 INFO spawned: 'port_9000' with pid 19694
2019-07-01 17:42:26,374 INFO exited: port_9000 (exit status 1; not expected)
2019-07-01 17:42:29,380 INFO spawned: 'port_9000' with pid 19737
2019-07-01 17:42:29,405 INFO exited: port_9000 (exit status 1; not expected)
2019-07-01 17:42:30,406 INFO gave up: port_9000 entered FATAL state, too many start retries too quickly
2019-07-01 17:42:42,613 CRIT Supervisor is running as root.  Privileges were not dropped because no user is specified in the config file.  If you intend to run as root, you can set user=root in the config file to avoid this message.
2019-07-01 17:42:42,618 INFO daemonizing the supervisord process
2019-07-01 17:42:42,618 INFO set current directory: '/home/vunm/'
2019-07-01 17:42:42,619 INFO supervisord started with pid 19872
2019-07-01 17:42:43,623 INFO spawned: 'port_9000' with pid 19889
2019-07-01 17:42:43,650 INFO exited: port_9000 (exit status 1; not expected)
2019-07-01 17:42:43,872 CRIT Supervisor is running as root.  Privileges were not dropped because no user is specified in the config file.  If you intend to run as root, you can set user=root in the config file to avoid this message.
2019-07-01 17:42:43,876 INFO daemonizing the supervisord process
2019-07-01 17:42:43,877 INFO set current directory: '/home/vunm/'
2019-07-01 17:42:43,877 INFO supervisord started with pid 19894
2019-07-01 17:42:44,653 INFO spawned: 'port_9000' with pid 19911
2019-07-01 17:42:44,679 INFO exited: port_9000 (exit status 1; not expected)
2019-07-01 17:42:44,881 INFO spawned: 'port_9000' with pid 19912
2019-07-01 17:42:44,911 INFO exited: port_9000 (exit status 1; not expected)
2019-07-01 17:42:45,914 INFO spawned: 'port_9000' with pid 19923
2019-07-01 17:42:45,938 INFO exited: port_9000 (exit status 1; not expected)
2019-07-01 17:42:46,683 INFO spawned: 'port_9000' with pid 19934
2019-07-01 17:42:46,712 INFO exited: port_9000 (exit status 1; not expected)
2019-07-01 17:42:47,942 INFO spawned: 'port_9000' with pid 19945
2019-07-01 17:42:47,967 INFO exited: port_9000 (exit status 1; not expected)
2019-07-01 17:42:49,717 INFO spawned: 'port_9000' with pid 19966
2019-07-01 17:42:49,749 INFO exited: port_9000 (exit status 1; not expected)
2019-07-01 17:42:50,750 INFO gave up: port_9000 entered FATAL state, too many start retries too quickly
2019-07-01 17:42:50,973 INFO spawned: 'port_9000' with pid 19977
2019-07-01 17:42:50,996 INFO exited: port_9000 (exit status 1; not expected)
2019-07-01 17:42:51,998 INFO gave up: port_9000 entered FATAL state, too many start retries too quickly
2019-08-17 12:05:57,384 CRIT Supervisor is running as root.  Privileges were not dropped because no user is specified in the config file.  If you intend to run as root, you can set user=root in the config file to avoid this message.
2019-08-17 12:05:57,817 INFO RPC interface 'supervisor' initialized
2019-08-17 12:05:57,817 CRIT Server 'unix_http_server' running without any HTTP authentication checking
2019-08-17 12:05:57,818 INFO daemonizing the supervisord process
2019-08-17 12:05:57,818 INFO set current directory: '/home/vunm'
2019-08-17 12:05:57,819 INFO supervisord started with pid 19670
2019-08-17 12:05:58,822 INFO spawned: 'api_8101' with pid 19687
2019-08-17 12:06:00,149 INFO success: api_8101 entered RUNNING state, process has stayed up for > than 1 seconds (startsecs)
2019-08-18 19:19:37,866 INFO exited: api_8101 (exit status 1; not expected)
2019-08-18 19:19:38,870 INFO spawned: 'api_8101' with pid 31906
2019-08-18 19:19:40,211 INFO success: api_8101 entered RUNNING state, process has stayed up for > than 1 seconds (startsecs)
2019-08-19 00:38:27,167 INFO exited: api_8101 (exit status 1; not expected)
2019-08-19 00:38:28,171 INFO spawned: 'api_8101' with pid 26875
2019-08-19 00:38:29,481 INFO success: api_8101 entered RUNNING state, process has stayed up for > than 1 seconds (startsecs)
2019-08-20 08:32:58,722 INFO exited: api_8101 (exit status 1; not expected)
2019-08-20 08:32:59,727 INFO spawned: 'api_8101' with pid 30814
2019-08-20 08:33:01,036 INFO success: api_8101 entered RUNNING state, process has stayed up for > than 1 seconds (startsecs)
2019-08-20 08:33:03,927 INFO exited: api_8101 (exit status 1; not expected)
2019-08-20 08:33:04,930 INFO spawned: 'api_8101' with pid 30875
2019-08-20 08:33:06,236 INFO success: api_8101 entered RUNNING state, process has stayed up for > than 1 seconds (startsecs)
2019-08-20 08:33:09,133 INFO exited: api_8101 (exit status 1; not expected)
2019-08-20 08:33:10,136 INFO spawned: 'api_8101' with pid 30936
2019-08-20 08:33:11,435 INFO success: api_8101 entered RUNNING state, process has stayed up for > than 1 seconds (startsecs)
2019-08-20 08:33:14,332 INFO exited: api_8101 (exit status 1; not expected)
2019-08-20 08:33:15,336 INFO spawned: 'api_8101' with pid 31002
2019-08-20 08:33:16,661 INFO success: api_8101 entered RUNNING state, process has stayed up for > than 1 seconds (startsecs)
2019-08-24 06:39:23,933 INFO exited: api_8101 (exit status 1; not expected)
2019-08-24 06:39:24,937 INFO spawned: 'api_8101' with pid 17505
2019-08-24 06:39:26,268 INFO success: api_8101 entered RUNNING state, process has stayed up for > than 1 seconds (startsecs)
2019-08-24 06:39:39,180 INFO exited: api_8101 (exit status 1; not expected)
2019-08-24 06:39:40,183 INFO spawned: 'api_8101' with pid 17666
2019-08-24 06:39:41,495 INFO success: api_8101 entered RUNNING state, process has stayed up for > than 1 seconds (startsecs)
2019-08-24 06:46:52,981 INFO exited: api_8101 (exit status 1; not expected)
2019-08-24 06:46:53,985 INFO spawned: 'api_8101' with pid 21969
2019-08-24 06:46:55,324 INFO success: api_8101 entered RUNNING state, process has stayed up for > than 1 seconds (startsecs)
2019-08-24 06:47:01,691 INFO exited: api_8101 (exit status 1; not expected)
2019-08-24 06:47:02,695 INFO spawned: 'api_8101' with pid 22070
2019-08-24 06:47:04,036 INFO success: api_8101 entered RUNNING state, process has stayed up for > than 1 seconds (startsecs)
2019-08-24 06:47:08,885 INFO exited: api_8101 (exit status 1; not expected)
2019-08-24 06:47:09,889 INFO spawned: 'api_8101' with pid 22151
2019-08-24 06:47:11,212 INFO success: api_8101 entered RUNNING state, process has stayed up for > than 1 seconds (startsecs)
2019-08-25 10:34:46,008 INFO exited: api_8101 (exit status 1; not expected)
2019-08-25 10:34:47,014 INFO spawned: 'api_8101' with pid 9135
2019-08-25 10:34:48,353 INFO success: api_8101 entered RUNNING state, process has stayed up for > than 1 seconds (startsecs)
2019-08-26 16:02:28,322 INFO exited: api_8101 (exit status 1; not expected)
2019-08-26 16:02:29,325 INFO spawned: 'api_8101' with pid 23108
2019-08-26 16:02:30,684 INFO success: api_8101 entered RUNNING state, process has stayed up for > than 1 seconds (startsecs)
2019-08-30 07:13:28,437 INFO exited: api_8101 (exit status 1; not expected)
2019-08-30 07:13:29,442 INFO spawned: 'api_8101' with pid 22081
2019-08-30 07:13:30,799 INFO success: api_8101 entered RUNNING state, process has stayed up for > than 1 seconds (startsecs)
2019-08-30 07:13:33,652 INFO exited: api_8101 (exit status 1; not expected)
2019-08-30 07:13:34,656 INFO spawned: 'api_8101' with pid 22142
2019-08-30 07:13:36,011 INFO success: api_8101 entered RUNNING state, process has stayed up for > than 1 seconds (startsecs)
2019-08-30 07:13:38,853 INFO exited: api_8101 (exit status 1; not expected)
2019-08-30 07:13:39,856 INFO spawned: 'api_8101' with pid 22213
2019-08-30 07:13:41,185 INFO success: api_8101 entered RUNNING state, process has stayed up for > than 1 seconds (startsecs)
2019-08-30 07:13:44,031 INFO exited: api_8101 (exit status 1; not expected)
2019-08-30 07:13:45,034 INFO spawned: 'api_8101' with pid 22274
2019-08-30 07:13:46,352 INFO success: api_8101 entered RUNNING state, process has stayed up for > than 1 seconds (startsecs)
2019-08-30 07:13:49,241 INFO exited: api_8101 (exit status 1; not expected)
2019-08-30 07:13:50,244 INFO spawned: 'api_8101' with pid 22335
2019-08-30 07:13:51,611 INFO success: api_8101 entered RUNNING state, process has stayed up for > than 1 seconds (startsecs)
2019-08-30 07:13:54,474 INFO exited: api_8101 (exit status 1; not expected)
2019-08-30 07:13:55,479 INFO spawned: 'api_8101' with pid 22396
2019-08-30 07:13:56,843 INFO success: api_8101 entered RUNNING state, process has stayed up for > than 1 seconds (startsecs)
2019-08-30 07:13:59,695 INFO exited: api_8101 (exit status 1; not expected)
2019-08-30 07:14:00,699 INFO spawned: 'api_8101' with pid 22457
2019-08-30 07:14:02,026 INFO success: api_8101 entered RUNNING state, process has stayed up for > than 1 seconds (startsecs)
2019-08-30 07:14:04,921 INFO exited: api_8101 (exit status 1; not expected)
2019-08-30 07:14:05,924 INFO spawned: 'api_8101' with pid 22522
2019-08-30 07:14:07,244 INFO success: api_8101 entered RUNNING state, process has stayed up for > than 1 seconds (startsecs)
2019-08-30 07:14:10,093 INFO exited: api_8101 (exit status 1; not expected)
2019-08-30 07:14:11,097 INFO spawned: 'api_8101' with pid 22583
2019-08-30 07:14:12,427 INFO success: api_8101 entered RUNNING state, process has stayed up for > than 1 seconds (startsecs)
2019-08-30 07:14:15,321 INFO exited: api_8101 (exit status 1; not expected)
2019-08-30 07:14:16,324 INFO spawned: 'api_8101' with pid 22654
2019-08-30 07:14:17,675 INFO success: api_8101 entered RUNNING state, process has stayed up for > than 1 seconds (startsecs)
2019-08-30 07:14:20,529 INFO exited: api_8101 (exit status 1; not expected)
2019-08-30 07:14:21,533 INFO spawned: 'api_8101' with pid 22715
2019-08-30 07:14:22,845 INFO success: api_8101 entered RUNNING state, process has stayed up for > than 1 seconds (startsecs)
2019-08-30 07:14:25,747 INFO exited: api_8101 (exit status 1; not expected)
2019-08-30 07:14:26,750 INFO spawned: 'api_8101' with pid 22776
2019-08-30 07:14:28,076 INFO success: api_8101 entered RUNNING state, process has stayed up for > than 1 seconds (startsecs)
2019-08-30 07:14:30,969 INFO exited: api_8101 (exit status 1; not expected)
2019-08-30 07:14:31,973 INFO spawned: 'api_8101' with pid 22837
2019-08-30 07:14:33,283 INFO success: api_8101 entered RUNNING state, process has stayed up for > than 1 seconds (startsecs)
2019-08-30 07:14:38,193 INFO exited: api_8101 (exit status 0; expected)
2019-08-30 07:14:39,196 INFO spawned: 'api_8101' with pid 22918
2019-08-30 07:14:40,526 INFO success: api_8101 entered RUNNING state, process has stayed up for > than 1 seconds (startsecs)
2019-08-30 07:15:30,948 INFO exited: api_8101 (exit status 1; not expected)
2019-08-30 07:15:31,951 INFO spawned: 'api_8101' with pid 23453
2019-08-30 07:15:33,265 INFO success: api_8101 entered RUNNING state, process has stayed up for > than 1 seconds (startsecs)
2019-08-30 07:25:31,475 INFO exited: api_8101 (exit status 1; not expected)
2019-08-30 07:25:32,479 INFO spawned: 'api_8101' with pid 29413
2019-08-30 07:25:33,870 INFO success: api_8101 entered RUNNING state, process has stayed up for > than 1 seconds (startsecs)
2019-08-30 07:54:25,968 INFO exited: api_8101 (exit status 1; not expected)
2019-08-30 07:54:26,972 INFO spawned: 'api_8101' with pid 14198
2019-08-30 07:54:28,316 INFO success: api_8101 entered RUNNING state, process has stayed up for > than 1 seconds (startsecs)
2019-08-30 07:55:59,300 INFO exited: api_8101 (exit status 1; not expected)
2019-08-30 07:56:00,304 INFO spawned: 'api_8101' with pid 15129
2019-08-30 07:56:01,655 INFO success: api_8101 entered RUNNING state, process has stayed up for > than 1 seconds (startsecs)
2019-08-30 08:46:54,958 INFO exited: api_8101 (exit status 1; not expected)
2019-08-30 08:46:55,962 INFO spawned: 'api_8101' with pid 13000
2019-08-30 08:46:57,287 INFO success: api_8101 entered RUNNING state, process has stayed up for > than 1 seconds (startsecs)
2019-08-30 09:23:34,504 INFO exited: api_8101 (exit status 1; not expected)
2019-08-30 09:23:35,508 INFO spawned: 'api_8101' with pid 2367
2019-08-30 09:23:36,845 INFO success: api_8101 entered RUNNING state, process has stayed up for > than 1 seconds (startsecs)
2019-08-30 09:23:39,701 INFO exited: api_8101 (exit status 1; not expected)
2019-08-30 09:23:40,704 INFO spawned: 'api_8101' with pid 2428
2019-08-30 09:23:42,032 INFO success: api_8101 entered RUNNING state, process has stayed up for > than 1 seconds (startsecs)
2019-08-30 09:23:44,884 INFO exited: api_8101 (exit status 1; not expected)
2019-08-30 09:23:45,887 INFO spawned: 'api_8101' with pid 2489
2019-08-30 09:23:47,211 INFO success: api_8101 entered RUNNING state, process has stayed up for > than 1 seconds (startsecs)
2019-08-30 09:23:50,098 INFO exited: api_8101 (exit status 1; not expected)
2019-08-30 09:23:51,101 INFO spawned: 'api_8101' with pid 2550
2019-08-30 09:23:52,422 INFO success: api_8101 entered RUNNING state, process has stayed up for > than 1 seconds (startsecs)
2019-08-30 09:23:55,317 INFO exited: api_8101 (exit status 1; not expected)
2019-08-30 09:23:56,320 INFO spawned: 'api_8101' with pid 2621
2019-08-30 09:23:57,656 INFO success: api_8101 entered RUNNING state, process has stayed up for > than 1 seconds (startsecs)
2019-08-30 09:24:00,503 INFO exited: api_8101 (exit status 1; not expected)
2019-08-30 09:24:01,506 INFO spawned: 'api_8101' with pid 2682
2019-08-30 09:24:02,805 INFO success: api_8101 entered RUNNING state, process has stayed up for > than 1 seconds (startsecs)
2019-08-30 09:24:05,702 INFO exited: api_8101 (exit status 1; not expected)
2019-08-30 09:24:06,705 INFO spawned: 'api_8101' with pid 2743
2019-08-30 09:24:08,047 INFO success: api_8101 entered RUNNING state, process has stayed up for > than 1 seconds (startsecs)
2019-08-30 09:24:10,896 INFO exited: api_8101 (exit status 1; not expected)
2019-08-30 09:24:11,899 INFO spawned: 'api_8101' with pid 2804
2019-08-30 09:24:13,257 INFO success: api_8101 entered RUNNING state, process has stayed up for > than 1 seconds (startsecs)
2019-08-30 09:24:16,105 INFO exited: api_8101 (exit status 1; not expected)
2019-08-30 09:24:17,108 INFO spawned: 'api_8101' with pid 2865
2019-08-30 09:24:18,437 INFO success: api_8101 entered RUNNING state, process has stayed up for > than 1 seconds (startsecs)
2019-08-30 09:24:21,298 INFO exited: api_8101 (exit status 1; not expected)
2019-08-30 09:24:22,301 INFO spawned: 'api_8101' with pid 2926
2019-08-30 09:24:23,652 INFO success: api_8101 entered RUNNING state, process has stayed up for > than 1 seconds (startsecs)
2019-08-30 09:24:26,510 INFO exited: api_8101 (exit status 1; not expected)
2019-08-30 09:24:26,512 INFO spawned: 'api_8101' with pid 2978
2019-08-30 09:24:27,826 INFO success: api_8101 entered RUNNING state, process has stayed up for > than 1 seconds (startsecs)
2019-08-30 09:24:30,684 INFO exited: api_8101 (exit status 1; not expected)
2019-08-30 09:24:31,687 INFO spawned: 'api_8101' with pid 3039
2019-08-30 09:24:32,997 INFO success: api_8101 entered RUNNING state, process has stayed up for > than 1 seconds (startsecs)
2019-08-30 09:24:35,889 INFO exited: api_8101 (exit status 1; not expected)
2019-08-30 09:24:36,892 INFO spawned: 'api_8101' with pid 3110
2019-08-30 09:24:38,239 INFO success: api_8101 entered RUNNING state, process has stayed up for > than 1 seconds (startsecs)
2019-08-30 09:24:41,086 INFO exited: api_8101 (exit status 1; not expected)
2019-08-30 09:24:42,089 INFO spawned: 'api_8101' with pid 3171
2019-08-30 09:24:43,456 INFO success: api_8101 entered RUNNING state, process has stayed up for > than 1 seconds (startsecs)
2019-08-30 09:24:46,321 INFO exited: api_8101 (exit status 1; not expected)
2019-08-30 09:24:47,323 INFO spawned: 'api_8101' with pid 3233
2019-08-30 09:24:48,649 INFO success: api_8101 entered RUNNING state, process has stayed up for > than 1 seconds (startsecs)
2019-08-30 09:24:51,504 INFO exited: api_8101 (exit status 1; not expected)
2019-08-30 09:24:52,507 INFO spawned: 'api_8101' with pid 3294
2019-08-30 09:24:53,828 INFO success: api_8101 entered RUNNING state, process has stayed up for > than 1 seconds (startsecs)
2019-08-30 09:24:56,731 INFO exited: api_8101 (exit status 1; not expected)
2019-08-30 09:24:57,734 INFO spawned: 'api_8101' with pid 3355
2019-08-30 09:24:59,072 INFO success: api_8101 entered RUNNING state, process has stayed up for > than 1 seconds (startsecs)
2019-08-30 09:25:01,975 INFO exited: api_8101 (exit status 1; not expected)
2019-08-30 09:25:02,978 INFO spawned: 'api_8101' with pid 3416
2019-08-30 09:25:04,316 INFO success: api_8101 entered RUNNING state, process has stayed up for > than 1 seconds (startsecs)
2019-08-30 09:25:07,166 INFO exited: api_8101 (exit status 1; not expected)
2019-08-30 09:25:08,170 INFO spawned: 'api_8101' with pid 3477
2019-08-30 09:25:09,481 INFO success: api_8101 entered RUNNING state, process has stayed up for > than 1 seconds (startsecs)
2019-08-30 09:25:12,382 INFO exited: api_8101 (exit status 1; not expected)
2019-08-30 09:25:13,386 INFO spawned: 'api_8101' with pid 3548
2019-08-30 09:25:14,731 INFO success: api_8101 entered RUNNING state, process has stayed up for > than 1 seconds (startsecs)
2019-08-30 09:25:17,576 INFO exited: api_8101 (exit status 1; not expected)
2019-08-30 09:25:18,580 INFO spawned: 'api_8101' with pid 3609
2019-08-30 09:25:19,907 INFO success: api_8101 entered RUNNING state, process has stayed up for > than 1 seconds (startsecs)
2019-08-30 09:25:22,796 INFO exited: api_8101 (exit status 1; not expected)
2019-08-30 09:25:23,799 INFO spawned: 'api_8101' with pid 3670
2019-08-30 09:25:25,084 INFO success: api_8101 entered RUNNING state, process has stayed up for > than 1 seconds (startsecs)
2019-08-30 09:25:27,977 INFO exited: api_8101 (exit status 1; not expected)
2019-08-30 09:25:28,981 INFO spawned: 'api_8101' with pid 3731
2019-08-30 09:25:30,317 INFO success: api_8101 entered RUNNING state, process has stayed up for > than 1 seconds (startsecs)
2019-08-30 09:25:33,170 INFO exited: api_8101 (exit status 1; not expected)
2019-08-30 09:25:34,174 INFO spawned: 'api_8101' with pid 3792
2019-08-30 09:25:35,518 INFO success: api_8101 entered RUNNING state, process has stayed up for > than 1 seconds (startsecs)
2019-08-30 09:25:38,387 INFO exited: api_8101 (exit status 1; not expected)
2019-08-30 09:25:39,390 INFO spawned: 'api_8101' with pid 3854
2019-08-30 09:25:40,715 INFO success: api_8101 entered RUNNING state, process has stayed up for > than 1 seconds (startsecs)
2019-08-30 09:25:43,573 INFO exited: api_8101 (exit status 1; not expected)
2019-08-30 09:25:44,576 INFO spawned: 'api_8101' with pid 3915
2019-08-30 09:25:45,878 INFO success: api_8101 entered RUNNING state, process has stayed up for > than 1 seconds (startsecs)
2019-08-30 09:25:48,727 INFO exited: api_8101 (exit status 1; not expected)
2019-08-30 09:25:49,730 INFO spawned: 'api_8101' with pid 3983
2019-08-30 09:25:51,075 INFO success: api_8101 entered RUNNING state, process has stayed up for > than 1 seconds (startsecs)
2019-08-30 09:28:05,139 INFO exited: api_8101 (exit status 1; not expected)
2019-08-30 09:28:06,143 INFO spawned: 'api_8101' with pid 5338
2019-08-30 09:28:07,532 INFO success: api_8101 entered RUNNING state, process has stayed up for > than 1 seconds (startsecs)
2019-08-30 09:28:10,331 INFO exited: api_8101 (exit status 1; not expected)
2019-08-30 09:28:11,334 INFO spawned: 'api_8101' with pid 5399
2019-08-30 09:28:12,695 INFO success: api_8101 entered RUNNING state, process has stayed up for > than 1 seconds (startsecs)
2019-08-30 09:28:15,556 INFO exited: api_8101 (exit status 1; not expected)
2019-08-30 09:28:16,560 INFO spawned: 'api_8101' with pid 5470
2019-08-30 09:28:17,861 INFO success: api_8101 entered RUNNING state, process has stayed up for > than 1 seconds (startsecs)
2019-08-30 09:28:20,755 INFO exited: api_8101 (exit status 1; not expected)
2019-08-30 09:28:21,758 INFO spawned: 'api_8101' with pid 5531
2019-08-30 09:28:23,159 INFO success: api_8101 entered RUNNING state, process has stayed up for > than 1 seconds (startsecs)
2019-08-30 09:28:25,967 INFO exited: api_8101 (exit status 1; not expected)
2019-08-30 09:28:26,970 INFO spawned: 'api_8101' with pid 5592
2019-08-30 09:28:28,297 INFO success: api_8101 entered RUNNING state, process has stayed up for > than 1 seconds (startsecs)
2019-08-30 09:28:31,198 INFO exited: api_8101 (exit status 1; not expected)
2019-08-30 09:28:32,202 INFO spawned: 'api_8101' with pid 5653
2019-08-30 09:28:33,527 INFO success: api_8101 entered RUNNING state, process has stayed up for > than 1 seconds (startsecs)
2019-08-30 09:28:36,428 INFO exited: api_8101 (exit status 1; not expected)
2019-08-30 09:28:37,432 INFO spawned: 'api_8101' with pid 5714
2019-08-30 09:28:38,729 INFO success: api_8101 entered RUNNING state, process has stayed up for > than 1 seconds (startsecs)
2019-08-30 09:28:41,625 INFO exited: api_8101 (exit status 1; not expected)
2019-08-30 09:28:42,629 INFO spawned: 'api_8101' with pid 5775
2019-08-30 09:28:43,932 INFO success: api_8101 entered RUNNING state, process has stayed up for > than 1 seconds (startsecs)
2019-08-30 09:28:46,822 INFO exited: api_8101 (exit status 1; not expected)
2019-08-30 09:28:47,826 INFO spawned: 'api_8101' with pid 5836
2019-08-30 09:28:49,128 INFO success: api_8101 entered RUNNING state, process has stayed up for > than 1 seconds (startsecs)
2019-08-30 09:28:52,036 INFO exited: api_8101 (exit status 1; not expected)
2019-08-30 09:28:53,039 INFO spawned: 'api_8101' with pid 5907
2019-08-30 09:28:54,425 INFO success: api_8101 entered RUNNING state, process has stayed up for > than 1 seconds (startsecs)
2019-08-30 09:28:57,274 INFO exited: api_8101 (exit status 1; not expected)
2019-08-30 09:28:58,277 INFO spawned: 'api_8101' with pid 5968
2019-08-30 09:28:59,619 INFO success: api_8101 entered RUNNING state, process has stayed up for > than 1 seconds (startsecs)
2019-08-30 09:29:02,466 INFO exited: api_8101 (exit status 1; not expected)
2019-08-30 09:29:03,469 INFO spawned: 'api_8101' with pid 6029
2019-08-30 09:29:04,809 INFO success: api_8101 entered RUNNING state, process has stayed up for > than 1 seconds (startsecs)
2019-08-30 09:29:07,655 INFO exited: api_8101 (exit status 1; not expected)
2019-08-30 09:29:08,658 INFO spawned: 'api_8101' with pid 6090
2019-08-30 09:29:09,985 INFO success: api_8101 entered RUNNING state, process has stayed up for > than 1 seconds (startsecs)
2019-08-30 09:29:12,880 INFO exited: api_8101 (exit status 1; not expected)
2019-08-30 09:29:13,884 INFO spawned: 'api_8101' with pid 6151
2019-08-30 09:29:15,204 INFO success: api_8101 entered RUNNING state, process has stayed up for > than 1 seconds (startsecs)
2019-08-30 09:29:18,097 INFO exited: api_8101 (exit status 1; not expected)
2019-08-30 09:29:19,100 INFO spawned: 'api_8101' with pid 6212
2019-08-30 09:29:20,407 INFO success: api_8101 entered RUNNING state, process has stayed up for > than 1 seconds (startsecs)
2019-08-30 09:29:23,301 INFO exited: api_8101 (exit status 1; not expected)
2019-08-30 09:29:24,305 INFO spawned: 'api_8101' with pid 6273
2019-08-30 09:29:25,644 INFO success: api_8101 entered RUNNING state, process has stayed up for > than 1 seconds (startsecs)
2019-08-30 09:29:28,487 INFO exited: api_8101 (exit status 1; not expected)
2019-08-30 09:29:29,490 INFO spawned: 'api_8101' with pid 6344
2019-08-30 09:29:30,821 INFO success: api_8101 entered RUNNING state, process has stayed up for > than 1 seconds (startsecs)
2019-08-30 09:29:33,684 INFO exited: api_8101 (exit status 1; not expected)
2019-08-30 09:29:34,687 INFO spawned: 'api_8101' with pid 6405
2019-08-30 09:29:36,007 INFO success: api_8101 entered RUNNING state, process has stayed up for > than 1 seconds (startsecs)
2019-08-30 09:29:38,861 INFO exited: api_8101 (exit status 1; not expected)
2019-08-30 09:29:39,865 INFO spawned: 'api_8101' with pid 6466
2019-08-30 09:29:41,161 INFO success: api_8101 entered RUNNING state, process has stayed up for > than 1 seconds (startsecs)
2019-08-30 09:29:44,063 INFO exited: api_8101 (exit status 1; not expected)
2019-08-30 09:29:45,066 INFO spawned: 'api_8101' with pid 6527
2019-08-30 09:29:46,388 INFO success: api_8101 entered RUNNING state, process has stayed up for > than 1 seconds (startsecs)
2019-08-30 09:29:49,282 INFO exited: api_8101 (exit status 1; not expected)
2019-08-30 09:29:50,285 INFO spawned: 'api_8101' with pid 6588
2019-08-30 09:29:51,583 INFO success: api_8101 entered RUNNING state, process has stayed up for > than 1 seconds (startsecs)
2019-08-30 09:29:54,479 INFO exited: api_8101 (exit status 1; not expected)
2019-08-30 09:29:55,482 INFO spawned: 'api_8101' with pid 6649
2019-08-30 09:29:56,800 INFO success: api_8101 entered RUNNING state, process has stayed up for > than 1 seconds (startsecs)
2019-08-30 09:29:59,705 INFO exited: api_8101 (exit status 1; not expected)
2019-08-30 09:30:00,708 INFO spawned: 'api_8101' with pid 6710
2019-08-30 09:30:02,043 INFO success: api_8101 entered RUNNING state, process has stayed up for > than 1 seconds (startsecs)
2019-08-30 09:30:04,892 INFO exited: api_8101 (exit status 1; not expected)
2019-08-30 09:30:05,895 INFO spawned: 'api_8101' with pid 6800
2019-08-30 09:30:07,217 INFO success: api_8101 entered RUNNING state, process has stayed up for > than 1 seconds (startsecs)
2019-08-30 09:30:10,119 INFO exited: api_8101 (exit status 1; not expected)
2019-08-30 09:30:11,122 INFO spawned: 'api_8101' with pid 6861
2019-08-30 09:30:12,503 INFO success: api_8101 entered RUNNING state, process has stayed up for > than 1 seconds (startsecs)
2019-08-30 09:30:15,313 INFO exited: api_8101 (exit status 1; not expected)
2019-08-30 09:30:16,317 INFO spawned: 'api_8101' with pid 6922
2019-08-30 09:30:17,665 INFO success: api_8101 entered RUNNING state, process has stayed up for > than 1 seconds (startsecs)
2019-08-30 09:30:20,551 INFO exited: api_8101 (exit status 1; not expected)
2019-08-30 09:30:21,555 INFO spawned: 'api_8101' with pid 6983
2019-08-30 09:30:22,882 INFO success: api_8101 entered RUNNING state, process has stayed up for > than 1 seconds (startsecs)
2019-08-30 09:30:25,792 INFO exited: api_8101 (exit status 1; not expected)
2019-08-30 09:30:26,795 INFO spawned: 'api_8101' with pid 7044
2019-08-30 09:30:28,153 INFO success: api_8101 entered RUNNING state, process has stayed up for > than 1 seconds (startsecs)
2019-08-30 09:30:31,003 INFO exited: api_8101 (exit status 1; not expected)
2019-08-30 09:30:32,006 INFO spawned: 'api_8101' with pid 7105
2019-08-30 09:30:33,328 INFO success: api_8101 entered RUNNING state, process has stayed up for > than 1 seconds (startsecs)
2019-08-30 09:30:36,232 INFO exited: api_8101 (exit status 1; not expected)
2019-08-30 09:30:37,235 INFO spawned: 'api_8101' with pid 7176
2019-08-30 09:30:38,557 INFO success: api_8101 entered RUNNING state, process has stayed up for > than 1 seconds (startsecs)
2019-08-30 09:30:41,404 INFO exited: api_8101 (exit status 1; not expected)
2019-08-30 09:30:42,407 INFO spawned: 'api_8101' with pid 7237
2019-08-30 09:30:43,760 INFO success: api_8101 entered RUNNING state, process has stayed up for > than 1 seconds (startsecs)
2019-08-30 09:30:46,603 INFO exited: api_8101 (exit status 1; not expected)
2019-08-30 09:30:47,606 INFO spawned: 'api_8101' with pid 7298
2019-08-30 09:30:48,912 INFO success: api_8101 entered RUNNING state, process has stayed up for > than 1 seconds (startsecs)
2019-08-30 09:30:51,801 INFO exited: api_8101 (exit status 1; not expected)
2019-08-30 09:30:52,804 INFO spawned: 'api_8101' with pid 7359
2019-08-30 09:30:54,095 INFO success: api_8101 entered RUNNING state, process has stayed up for > than 1 seconds (startsecs)
2019-08-30 09:30:57,038 INFO exited: api_8101 (exit status 1; not expected)
2019-08-30 09:30:58,041 INFO spawned: 'api_8101' with pid 7420
2019-08-30 09:30:59,352 INFO success: api_8101 entered RUNNING state, process has stayed up for > than 1 seconds (startsecs)
2019-08-30 09:31:02,295 INFO exited: api_8101 (exit status 1; not expected)
2019-08-30 09:31:03,299 INFO spawned: 'api_8101' with pid 7481
2019-08-30 09:31:04,608 INFO success: api_8101 entered RUNNING state, process has stayed up for > than 1 seconds (startsecs)
2019-08-30 09:31:07,515 INFO exited: api_8101 (exit status 1; not expected)
2019-08-30 09:31:08,518 INFO spawned: 'api_8101' with pid 7542
2019-08-30 09:31:09,855 INFO success: api_8101 entered RUNNING state, process has stayed up for > than 1 seconds (startsecs)
2019-08-30 09:31:12,700 INFO exited: api_8101 (exit status 1; not expected)
2019-08-30 09:31:13,703 INFO spawned: 'api_8101' with pid 7613
2019-08-30 09:31:15,019 INFO success: api_8101 entered RUNNING state, process has stayed up for > than 1 seconds (startsecs)
2019-08-30 09:33:50,101 INFO exited: api_8101 (exit status 1; not expected)
2019-08-30 09:33:51,106 INFO spawned: 'api_8101' with pid 9251
2019-08-30 09:33:52,448 INFO success: api_8101 entered RUNNING state, process has stayed up for > than 1 seconds (startsecs)
2019-08-30 09:33:55,300 INFO exited: api_8101 (exit status 1; not expected)
2019-08-30 09:33:56,303 INFO spawned: 'api_8101' with pid 9312
2019-08-30 09:33:57,590 INFO success: api_8101 entered RUNNING state, process has stayed up for > than 1 seconds (startsecs)
2019-08-30 09:34:00,484 INFO exited: api_8101 (exit status 1; not expected)
2019-08-30 09:34:01,488 INFO spawned: 'api_8101' with pid 9373
2019-08-30 09:34:02,827 INFO success: api_8101 entered RUNNING state, process has stayed up for > than 1 seconds (startsecs)
2019-08-30 09:34:05,726 INFO exited: api_8101 (exit status 1; not expected)
2019-08-30 09:34:06,729 INFO spawned: 'api_8101' with pid 9444
2019-08-30 09:34:08,109 INFO success: api_8101 entered RUNNING state, process has stayed up for > than 1 seconds (startsecs)
2019-08-30 09:34:10,954 INFO exited: api_8101 (exit status 1; not expected)
2019-08-30 09:34:11,958 INFO spawned: 'api_8101' with pid 9505
2019-08-30 09:34:13,337 INFO success: api_8101 entered RUNNING state, process has stayed up for > than 1 seconds (startsecs)
2019-08-30 09:34:16,198 INFO exited: api_8101 (exit status 1; not expected)
2019-08-30 09:34:17,201 INFO spawned: 'api_8101' with pid 9566
2019-08-30 09:34:18,558 INFO success: api_8101 entered RUNNING state, process has stayed up for > than 1 seconds (startsecs)
2019-08-30 09:34:21,416 INFO exited: api_8101 (exit status 1; not expected)
2019-08-30 09:34:22,419 INFO spawned: 'api_8101' with pid 9627
2019-08-30 09:34:23,805 INFO success: api_8101 entered RUNNING state, process has stayed up for > than 1 seconds (startsecs)
2019-08-30 09:34:26,653 INFO exited: api_8101 (exit status 1; not expected)
2019-08-30 09:34:27,656 INFO spawned: 'api_8101' with pid 9688
2019-08-30 09:34:28,957 INFO success: api_8101 entered RUNNING state, process has stayed up for > than 1 seconds (startsecs)
2019-08-30 09:34:29,810 INFO exited: api_8101 (exit status 0; expected)
2019-08-30 09:34:30,816 INFO spawned: 'api_8101' with pid 9729
2019-08-30 09:34:32,129 INFO success: api_8101 entered RUNNING state, process has stayed up for > than 1 seconds (startsecs)
2019-08-30 10:07:09,090 INFO exited: api_8101 (exit status 1; not expected)
2019-08-30 10:07:10,094 INFO spawned: 'api_8101' with pid 29114
2019-08-30 10:07:11,407 INFO success: api_8101 entered RUNNING state, process has stayed up for > than 1 seconds (startsecs)
2019-08-30 10:07:14,356 INFO exited: api_8101 (exit status 1; not expected)
2019-08-30 10:07:15,359 INFO spawned: 'api_8101' with pid 29175
2019-08-30 10:07:16,683 INFO success: api_8101 entered RUNNING state, process has stayed up for > than 1 seconds (startsecs)
2019-08-30 10:07:19,549 INFO exited: api_8101 (exit status 1; not expected)
2019-08-30 10:07:20,553 INFO spawned: 'api_8101' with pid 29236
2019-08-30 10:07:21,860 INFO success: api_8101 entered RUNNING state, process has stayed up for > than 1 seconds (startsecs)
2019-08-30 10:07:24,770 INFO exited: api_8101 (exit status 1; not expected)
2019-08-30 10:07:25,774 INFO spawned: 'api_8101' with pid 29297
2019-08-30 10:07:27,135 INFO success: api_8101 entered RUNNING state, process has stayed up for > than 1 seconds (startsecs)
2019-08-30 10:07:30,000 INFO exited: api_8101 (exit status 1; not expected)
2019-08-30 10:07:31,003 INFO spawned: 'api_8101' with pid 29358
2019-08-30 10:07:32,372 INFO success: api_8101 entered RUNNING state, process has stayed up for > than 1 seconds (startsecs)
2019-08-30 10:07:35,186 INFO exited: api_8101 (exit status 1; not expected)
2019-08-30 10:07:36,189 INFO spawned: 'api_8101' with pid 29429
2019-08-30 10:07:37,509 INFO success: api_8101 entered RUNNING state, process has stayed up for > than 1 seconds (startsecs)
2019-08-30 10:07:40,371 INFO exited: api_8101 (exit status 1; not expected)
2019-08-30 10:07:41,375 INFO spawned: 'api_8101' with pid 29490
2019-08-30 10:07:42,733 INFO success: api_8101 entered RUNNING state, process has stayed up for > than 1 seconds (startsecs)
2019-08-30 10:07:45,595 INFO exited: api_8101 (exit status 1; not expected)
2019-08-30 10:07:46,599 INFO spawned: 'api_8101' with pid 29551
2019-08-30 10:07:47,962 INFO success: api_8101 entered RUNNING state, process has stayed up for > than 1 seconds (startsecs)
2019-08-30 10:07:50,815 INFO exited: api_8101 (exit status 1; not expected)
2019-08-30 10:07:51,819 INFO spawned: 'api_8101' with pid 29612
2019-08-30 10:07:53,153 INFO success: api_8101 entered RUNNING state, process has stayed up for > than 1 seconds (startsecs)
2019-08-30 10:07:56,060 INFO exited: api_8101 (exit status 1; not expected)
2019-08-30 10:07:57,063 INFO spawned: 'api_8101' with pid 29673
2019-08-30 10:07:58,410 INFO success: api_8101 entered RUNNING state, process has stayed up for > than 1 seconds (startsecs)
2019-08-30 10:08:01,256 INFO exited: api_8101 (exit status 1; not expected)
2019-08-30 10:08:02,259 INFO spawned: 'api_8101' with pid 29734
2019-08-30 10:08:03,599 INFO success: api_8101 entered RUNNING state, process has stayed up for > than 1 seconds (startsecs)
2019-08-30 10:08:06,457 INFO exited: api_8101 (exit status 1; not expected)
2019-08-30 10:08:07,462 INFO spawned: 'api_8101' with pid 29795
2019-08-30 10:08:08,784 INFO success: api_8101 entered RUNNING state, process has stayed up for > than 1 seconds (startsecs)
2019-08-30 10:08:11,631 INFO exited: api_8101 (exit status 1; not expected)
2019-08-30 10:08:12,634 INFO spawned: 'api_8101' with pid 29866
2019-08-30 10:08:13,980 INFO success: api_8101 entered RUNNING state, process has stayed up for > than 1 seconds (startsecs)
2019-09-03 06:02:04,292 INFO exited: api_8101 (exit status 1; not expected)
2019-09-03 06:02:05,295 INFO spawned: 'api_8101' with pid 1759
2019-09-03 06:02:06,619 INFO success: api_8101 entered RUNNING state, process has stayed up for > than 1 seconds (startsecs)
2019-09-03 23:40:05,630 INFO exited: api_8101 (exit status 1; not expected)
2019-09-03 23:40:06,634 INFO spawned: 'api_8101' with pid 15124
2019-09-03 23:40:07,964 INFO success: api_8101 entered RUNNING state, process has stayed up for > than 1 seconds (startsecs)
2019-09-04 02:16:29,987 INFO exited: api_8101 (exit status 1; not expected)
2019-09-04 02:16:30,992 INFO spawned: 'api_8101' with pid 10833
2019-09-04 02:16:32,326 INFO success: api_8101 entered RUNNING state, process has stayed up for > than 1 seconds (startsecs)
2019-09-04 02:16:35,222 INFO exited: api_8101 (exit status 1; not expected)
2019-09-04 02:16:36,225 INFO spawned: 'api_8101' with pid 10894
2019-09-04 02:16:37,539 INFO success: api_8101 entered RUNNING state, process has stayed up for > than 1 seconds (startsecs)
2019-09-04 02:16:43,933 INFO exited: api_8101 (exit status 1; not expected)
2019-09-04 02:16:44,937 INFO spawned: 'api_8101' with pid 10995
2019-09-04 02:16:46,233 INFO success: api_8101 entered RUNNING state, process has stayed up for > than 1 seconds (startsecs)
2019-09-04 02:16:49,124 INFO exited: api_8101 (exit status 1; not expected)
2019-09-04 02:16:50,127 INFO spawned: 'api_8101' with pid 11056
2019-09-04 02:16:51,442 INFO success: api_8101 entered RUNNING state, process has stayed up for > than 1 seconds (startsecs)
2019-09-04 02:16:54,344 INFO exited: api_8101 (exit status 1; not expected)
2019-09-04 02:16:55,347 INFO spawned: 'api_8101' with pid 11117
2019-09-04 02:16:56,641 INFO success: api_8101 entered RUNNING state, process has stayed up for > than 1 seconds (startsecs)
2019-09-04 02:17:02,029 INFO exited: api_8101 (exit status 1; not expected)
2019-09-04 02:17:03,031 INFO spawned: 'api_8101' with pid 11211
2019-09-04 02:17:04,355 INFO success: api_8101 entered RUNNING state, process has stayed up for > than 1 seconds (startsecs)
2019-09-04 02:17:07,701 INFO exited: api_8101 (exit status 1; not expected)
2019-09-04 02:17:08,704 INFO spawned: 'api_8101' with pid 11272
2019-09-04 02:17:10,014 INFO success: api_8101 entered RUNNING state, process has stayed up for > than 1 seconds (startsecs)
2019-09-04 02:17:12,881 INFO exited: api_8101 (exit status 1; not expected)
2019-09-04 02:17:13,885 INFO spawned: 'api_8101' with pid 11343
2019-09-04 02:17:15,210 INFO success: api_8101 entered RUNNING state, process has stayed up for > than 1 seconds (startsecs)
2019-09-04 02:17:19,610 INFO exited: api_8101 (exit status 1; not expected)
2019-09-04 02:17:20,614 INFO spawned: 'api_8101' with pid 11414
2019-09-04 02:17:21,951 INFO success: api_8101 entered RUNNING state, process has stayed up for > than 1 seconds (startsecs)
2019-09-04 02:17:24,802 INFO exited: api_8101 (exit status 1; not expected)
2019-09-04 02:17:25,805 INFO spawned: 'api_8101' with pid 11475
2019-09-04 02:17:27,137 INFO success: api_8101 entered RUNNING state, process has stayed up for > than 1 seconds (startsecs)
2019-09-04 02:17:33,535 INFO exited: api_8101 (exit status 1; not expected)
2019-09-04 02:17:34,538 INFO spawned: 'api_8101' with pid 11576
2019-09-04 02:17:35,840 INFO success: api_8101 entered RUNNING state, process has stayed up for > than 1 seconds (startsecs)
2019-09-04 02:17:38,732 INFO exited: api_8101 (exit status 1; not expected)
2019-09-04 02:17:39,735 INFO spawned: 'api_8101' with pid 11637
2019-09-04 02:17:41,040 INFO success: api_8101 entered RUNNING state, process has stayed up for > than 1 seconds (startsecs)
2019-09-04 02:17:45,435 INFO exited: api_8101 (exit status 1; not expected)
2019-09-04 02:17:46,438 INFO spawned: 'api_8101' with pid 11718
2019-09-04 02:17:47,753 INFO success: api_8101 entered RUNNING state, process has stayed up for > than 1 seconds (startsecs)
2019-09-04 02:17:50,597 INFO exited: api_8101 (exit status 1; not expected)
2019-09-04 02:17:51,600 INFO spawned: 'api_8101' with pid 11779
2019-09-04 02:17:52,963 INFO success: api_8101 entered RUNNING state, process has stayed up for > than 1 seconds (startsecs)
2019-09-04 02:57:01,856 INFO exited: api_8101 (exit status 1; not expected)
2019-09-04 02:57:02,859 INFO spawned: 'api_8101' with pid 2625
2019-09-04 02:57:04,184 INFO success: api_8101 entered RUNNING state, process has stayed up for > than 1 seconds (startsecs)
2019-09-04 02:57:08,077 INFO exited: api_8101 (exit status 1; not expected)
2019-09-04 02:57:09,079 INFO spawned: 'api_8101' with pid 2696
2019-09-04 02:57:10,404 INFO success: api_8101 entered RUNNING state, process has stayed up for > than 1 seconds (startsecs)
2019-09-04 02:59:32,013 INFO exited: api_8101 (exit status 1; not expected)
2019-09-04 02:59:33,018 INFO spawned: 'api_8101' with pid 4137
2019-09-04 02:59:34,348 INFO success: api_8101 entered RUNNING state, process has stayed up for > than 1 seconds (startsecs)
2019-09-04 03:00:05,260 INFO exited: api_8101 (exit status 1; not expected)
2019-09-04 03:00:06,263 INFO spawned: 'api_8101' with pid 4481
2019-09-04 03:00:07,552 INFO success: api_8101 entered RUNNING state, process has stayed up for > than 1 seconds (startsecs)
2019-09-04 03:19:32,954 INFO exited: api_8101 (exit status 1; not expected)
2019-09-04 03:19:33,959 INFO spawned: 'api_8101' with pid 16067
2019-09-04 03:19:35,332 INFO success: api_8101 entered RUNNING state, process has stayed up for > than 1 seconds (startsecs)
2019-09-04 21:00:01,305 INFO exited: api_8101 (exit status 1; not expected)
2019-09-04 21:00:02,309 INFO spawned: 'api_8101' with pid 30948
2019-09-04 21:00:03,611 INFO success: api_8101 entered RUNNING state, process has stayed up for > than 1 seconds (startsecs)
2019-09-04 21:00:07,010 INFO exited: api_8101 (exit status 1; not expected)
2019-09-04 21:00:08,014 INFO spawned: 'api_8101' with pid 31019
2019-09-04 21:00:09,332 INFO success: api_8101 entered RUNNING state, process has stayed up for > than 1 seconds (startsecs)
2019-09-04 21:00:12,679 INFO exited: api_8101 (exit status 1; not expected)
2019-09-04 21:00:13,682 INFO spawned: 'api_8101' with pid 31080
2019-09-04 21:00:15,013 INFO success: api_8101 entered RUNNING state, process has stayed up for > than 1 seconds (startsecs)
2019-09-04 21:00:17,865 INFO exited: api_8101 (exit status 1; not expected)
2019-09-04 21:00:18,869 INFO spawned: 'api_8101' with pid 31151
2019-09-04 21:00:20,181 INFO success: api_8101 entered RUNNING state, process has stayed up for > than 1 seconds (startsecs)
2019-09-04 21:00:23,591 INFO exited: api_8101 (exit status 1; not expected)
2019-09-04 21:00:24,595 INFO spawned: 'api_8101' with pid 31212
2019-09-04 21:00:25,946 INFO success: api_8101 entered RUNNING state, process has stayed up for > than 1 seconds (startsecs)
2019-09-04 21:00:28,808 INFO exited: api_8101 (exit status 1; not expected)
2019-09-04 21:00:29,811 INFO spawned: 'api_8101' with pid 31273
2019-09-04 21:00:31,128 INFO success: api_8101 entered RUNNING state, process has stayed up for > than 1 seconds (startsecs)
2019-09-04 21:00:33,975 INFO exited: api_8101 (exit status 1; not expected)
2019-09-04 21:00:34,978 INFO spawned: 'api_8101' with pid 31334
2019-09-04 21:00:36,293 INFO success: api_8101 entered RUNNING state, process has stayed up for > than 1 seconds (startsecs)
2019-09-04 21:00:39,688 INFO exited: api_8101 (exit status 1; not expected)
2019-09-04 21:00:40,691 INFO spawned: 'api_8101' with pid 31405
2019-09-04 21:00:42,015 INFO success: api_8101 entered RUNNING state, process has stayed up for > than 1 seconds (startsecs)
2019-09-04 21:00:44,864 INFO exited: api_8101 (exit status 1; not expected)
2019-09-04 21:00:45,868 INFO spawned: 'api_8101' with pid 31466
2019-09-04 21:00:47,227 INFO success: api_8101 entered RUNNING state, process has stayed up for > than 1 seconds (startsecs)
2019-09-04 21:00:50,591 INFO exited: api_8101 (exit status 1; not expected)
2019-09-04 21:00:51,596 INFO spawned: 'api_8101' with pid 31537
2019-09-04 21:00:52,929 INFO success: api_8101 entered RUNNING state, process has stayed up for > than 1 seconds (startsecs)
2019-09-04 21:00:55,796 INFO exited: api_8101 (exit status 1; not expected)
2019-09-04 21:00:56,799 INFO spawned: 'api_8101' with pid 31598
2019-09-04 21:00:58,157 INFO success: api_8101 entered RUNNING state, process has stayed up for > than 1 seconds (startsecs)
2019-09-04 21:01:02,526 INFO exited: api_8101 (exit status 1; not expected)
2019-09-04 21:01:03,530 INFO spawned: 'api_8101' with pid 31679
2019-09-04 21:01:04,867 INFO success: api_8101 entered RUNNING state, process has stayed up for > than 1 seconds (startsecs)
2019-09-04 21:01:08,247 INFO exited: api_8101 (exit status 1; not expected)
2019-09-04 21:01:09,251 INFO spawned: 'api_8101' with pid 31740
2019-09-04 21:01:10,576 INFO success: api_8101 entered RUNNING state, process has stayed up for > than 1 seconds (startsecs)
2019-09-04 21:01:13,441 INFO exited: api_8101 (exit status 1; not expected)
2019-09-04 21:01:14,444 INFO spawned: 'api_8101' with pid 31801
2019-09-04 21:01:15,786 INFO success: api_8101 entered RUNNING state, process has stayed up for > than 1 seconds (startsecs)
2019-09-04 21:01:20,194 INFO exited: api_8101 (exit status 1; not expected)
2019-09-04 21:01:21,198 INFO spawned: 'api_8101' with pid 31882
2019-09-04 21:01:22,551 INFO success: api_8101 entered RUNNING state, process has stayed up for > than 1 seconds (startsecs)
2019-09-04 21:01:25,424 INFO exited: api_8101 (exit status 1; not expected)
2019-09-04 21:01:26,427 INFO spawned: 'api_8101' with pid 31943
2019-09-04 21:01:27,773 INFO success: api_8101 entered RUNNING state, process has stayed up for > than 1 seconds (startsecs)
2019-09-04 21:01:30,638 INFO exited: api_8101 (exit status 1; not expected)
2019-09-04 21:01:31,642 INFO spawned: 'api_8101' with pid 32004
2019-09-04 21:01:32,976 INFO success: api_8101 entered RUNNING state, process has stayed up for > than 1 seconds (startsecs)
2019-09-04 21:01:35,819 INFO exited: api_8101 (exit status 1; not expected)
2019-09-04 21:01:36,823 INFO spawned: 'api_8101' with pid 32071
2019-09-04 21:01:38,173 INFO success: api_8101 entered RUNNING state, process has stayed up for > than 1 seconds (startsecs)
2019-09-04 21:01:41,023 INFO exited: api_8101 (exit status 1; not expected)
2019-09-04 21:01:42,027 INFO spawned: 'api_8101' with pid 32136
2019-09-04 21:01:43,359 INFO success: api_8101 entered RUNNING state, process has stayed up for > than 1 seconds (startsecs)
2019-09-04 21:01:46,214 INFO exited: api_8101 (exit status 1; not expected)
2019-09-04 21:01:47,217 INFO spawned: 'api_8101' with pid 32197
2019-09-04 21:01:48,541 INFO success: api_8101 entered RUNNING state, process has stayed up for > than 1 seconds (startsecs)
2019-09-04 21:01:51,444 INFO exited: api_8101 (exit status 1; not expected)
2019-09-04 21:01:52,447 INFO spawned: 'api_8101' with pid 32258
2019-09-04 21:01:53,806 INFO success: api_8101 entered RUNNING state, process has stayed up for > than 1 seconds (startsecs)
2019-09-04 21:01:56,669 INFO exited: api_8101 (exit status 1; not expected)
2019-09-04 21:01:57,672 INFO spawned: 'api_8101' with pid 32319
2019-09-04 21:01:59,017 INFO success: api_8101 entered RUNNING state, process has stayed up for > than 1 seconds (startsecs)
2019-09-04 21:02:01,877 INFO exited: api_8101 (exit status 1; not expected)
2019-09-04 21:02:02,881 INFO spawned: 'api_8101' with pid 32380
2019-09-04 21:02:04,207 INFO success: api_8101 entered RUNNING state, process has stayed up for > than 1 seconds (startsecs)
2019-09-04 21:02:07,111 INFO exited: api_8101 (exit status 1; not expected)
2019-09-04 21:02:08,115 INFO spawned: 'api_8101' with pid 32441
2019-09-04 21:02:09,457 INFO success: api_8101 entered RUNNING state, process has stayed up for > than 1 seconds (startsecs)
2019-09-04 21:02:12,316 INFO exited: api_8101 (exit status 1; not expected)
2019-09-04 21:02:13,319 INFO spawned: 'api_8101' with pid 32512
2019-09-04 21:02:14,693 INFO success: api_8101 entered RUNNING state, process has stayed up for > than 1 seconds (startsecs)
2019-09-04 21:02:18,013 INFO exited: api_8101 (exit status 1; not expected)
2019-09-04 21:02:19,016 INFO spawned: 'api_8101' with pid 32573
2019-09-04 21:02:20,356 INFO success: api_8101 entered RUNNING state, process has stayed up for > than 1 seconds (startsecs)
2019-09-04 21:02:24,711 INFO exited: api_8101 (exit status 1; not expected)
2019-09-04 21:02:25,713 INFO spawned: 'api_8101' with pid 32654
2019-09-04 21:02:27,031 INFO success: api_8101 entered RUNNING state, process has stayed up for > than 1 seconds (startsecs)
2019-09-04 21:02:29,923 INFO exited: api_8101 (exit status 1; not expected)
2019-09-04 21:02:30,926 INFO spawned: 'api_8101' with pid 32715
2019-09-04 21:02:32,238 INFO success: api_8101 entered RUNNING state, process has stayed up for > than 1 seconds (startsecs)
2019-09-04 21:02:35,138 INFO exited: api_8101 (exit status 1; not expected)
2019-09-04 21:02:36,141 INFO spawned: 'api_8101' with pid 308
2019-09-04 21:02:37,480 INFO success: api_8101 entered RUNNING state, process has stayed up for > than 1 seconds (startsecs)
2019-09-04 21:02:40,335 INFO exited: api_8101 (exit status 1; not expected)
2019-09-04 21:02:41,339 INFO spawned: 'api_8101' with pid 370
2019-09-04 21:02:42,725 INFO success: api_8101 entered RUNNING state, process has stayed up for > than 1 seconds (startsecs)
2019-09-04 21:02:45,579 INFO exited: api_8101 (exit status 1; not expected)
2019-09-04 21:02:46,582 INFO spawned: 'api_8101' with pid 431
2019-09-04 21:02:47,903 INFO success: api_8101 entered RUNNING state, process has stayed up for > than 1 seconds (startsecs)
2019-09-04 21:02:54,279 INFO exited: api_8101 (exit status 1; not expected)
2019-09-04 21:02:55,282 INFO spawned: 'api_8101' with pid 534
2019-09-04 21:02:56,627 INFO success: api_8101 entered RUNNING state, process has stayed up for > than 1 seconds (startsecs)
2019-09-04 21:03:00,043 INFO exited: api_8101 (exit status 1; not expected)
2019-09-04 21:03:01,046 INFO spawned: 'api_8101' with pid 606
2019-09-04 21:03:02,370 INFO success: api_8101 entered RUNNING state, process has stayed up for > than 1 seconds (startsecs)
2019-09-04 21:03:05,223 INFO exited: api_8101 (exit status 1; not expected)
2019-09-04 21:03:06,226 INFO spawned: 'api_8101' with pid 673
2019-09-04 21:03:07,548 INFO success: api_8101 entered RUNNING state, process has stayed up for > than 1 seconds (startsecs)
2019-09-04 21:03:10,405 INFO exited: api_8101 (exit status 1; not expected)
2019-09-04 21:03:11,409 INFO spawned: 'api_8101' with pid 737
2019-09-04 21:03:12,775 INFO success: api_8101 entered RUNNING state, process has stayed up for > than 1 seconds (startsecs)
2019-09-04 21:03:15,628 INFO exited: api_8101 (exit status 1; not expected)
2019-09-04 21:03:16,632 INFO spawned: 'api_8101' with pid 798
2019-09-04 21:03:17,977 INFO success: api_8101 entered RUNNING state, process has stayed up for > than 1 seconds (startsecs)
2019-09-04 21:03:24,325 INFO exited: api_8101 (exit status 1; not expected)
2019-09-04 21:03:25,329 INFO spawned: 'api_8101' with pid 902
2019-09-04 21:03:26,675 INFO success: api_8101 entered RUNNING state, process has stayed up for > than 1 seconds (startsecs)
2019-09-04 21:03:29,524 INFO exited: api_8101 (exit status 1; not expected)
2019-09-04 21:03:30,527 INFO spawned: 'api_8101' with pid 963
2019-09-04 21:03:31,873 INFO success: api_8101 entered RUNNING state, process has stayed up for > than 1 seconds (startsecs)
2019-09-04 21:03:37,725 INFO exited: api_8101 (exit status 1; not expected)
2019-09-04 21:03:38,729 INFO spawned: 'api_8101' with pid 1054
2019-09-04 21:03:40,077 INFO success: api_8101 entered RUNNING state, process has stayed up for > than 1 seconds (startsecs)
2019-09-04 21:03:46,945 INFO exited: api_8101 (exit status 1; not expected)
2019-09-04 21:03:47,948 INFO spawned: 'api_8101' with pid 1155
2019-09-04 21:03:49,336 INFO success: api_8101 entered RUNNING state, process has stayed up for > than 1 seconds (startsecs)
2019-09-04 21:03:55,687 INFO exited: api_8101 (exit status 1; not expected)
2019-09-04 21:03:56,690 INFO spawned: 'api_8101' with pid 1263
2019-09-04 21:03:58,021 INFO success: api_8101 entered RUNNING state, process has stayed up for > than 1 seconds (startsecs)
2019-09-04 21:04:00,926 INFO exited: api_8101 (exit status 1; not expected)
2019-09-04 21:04:01,929 INFO spawned: 'api_8101' with pid 1335
2019-09-04 21:04:03,264 INFO success: api_8101 entered RUNNING state, process has stayed up for > than 1 seconds (startsecs)
2019-09-04 21:04:06,157 INFO exited: api_8101 (exit status 1; not expected)
2019-09-04 21:04:07,160 INFO spawned: 'api_8101' with pid 1400
2019-09-04 21:04:08,527 INFO success: api_8101 entered RUNNING state, process has stayed up for > than 1 seconds (startsecs)
2019-09-04 21:04:11,378 INFO exited: api_8101 (exit status 1; not expected)
2019-09-04 21:04:12,381 INFO spawned: 'api_8101' with pid 1469
2019-09-04 21:04:13,705 INFO success: api_8101 entered RUNNING state, process has stayed up for > than 1 seconds (startsecs)
2019-09-04 21:04:17,106 INFO exited: api_8101 (exit status 1; not expected)
2019-09-04 21:04:18,109 INFO spawned: 'api_8101' with pid 1540
2019-09-04 21:04:19,426 INFO success: api_8101 entered RUNNING state, process has stayed up for > than 1 seconds (startsecs)
2019-09-04 21:04:22,282 INFO exited: api_8101 (exit status 1; not expected)
2019-09-04 21:04:23,286 INFO spawned: 'api_8101' with pid 1601
2019-09-04 21:04:24,598 INFO success: api_8101 entered RUNNING state, process has stayed up for > than 1 seconds (startsecs)
2019-09-04 21:04:29,009 INFO exited: api_8101 (exit status 1; not expected)
2019-09-04 21:04:30,013 INFO spawned: 'api_8101' with pid 1672
2019-09-04 21:04:31,369 INFO success: api_8101 entered RUNNING state, process has stayed up for > than 1 seconds (startsecs)
2019-09-04 21:04:34,231 INFO exited: api_8101 (exit status 1; not expected)
2019-09-04 21:04:35,234 INFO spawned: 'api_8101' with pid 1743
2019-09-04 21:04:36,564 INFO success: api_8101 entered RUNNING state, process has stayed up for > than 1 seconds (startsecs)
2019-09-04 21:04:39,911 INFO exited: api_8101 (exit status 1; not expected)
2019-09-04 21:04:40,914 INFO spawned: 'api_8101' with pid 1804
2019-09-04 21:04:42,237 INFO success: api_8101 entered RUNNING state, process has stayed up for > than 1 seconds (startsecs)
2019-09-04 21:04:46,649 INFO exited: api_8101 (exit status 1; not expected)
2019-09-04 21:04:47,652 INFO spawned: 'api_8101' with pid 1885
2019-09-04 21:04:48,997 INFO success: api_8101 entered RUNNING state, process has stayed up for > than 1 seconds (startsecs)
2019-09-04 21:04:51,868 INFO exited: api_8101 (exit status 1; not expected)
2019-09-04 21:04:52,871 INFO spawned: 'api_8101' with pid 1946
2019-09-04 21:04:54,257 INFO success: api_8101 entered RUNNING state, process has stayed up for > than 1 seconds (startsecs)
2019-09-04 21:04:57,111 INFO exited: api_8101 (exit status 1; not expected)
2019-09-04 21:04:58,115 INFO spawned: 'api_8101' with pid 2007
2019-09-04 21:04:59,459 INFO success: api_8101 entered RUNNING state, process has stayed up for > than 1 seconds (startsecs)
2019-09-04 21:05:02,318 INFO exited: api_8101 (exit status 1; not expected)
2019-09-04 21:05:03,322 INFO spawned: 'api_8101' with pid 2068
2019-09-04 21:05:04,674 INFO success: api_8101 entered RUNNING state, process has stayed up for > than 1 seconds (startsecs)
2019-09-04 21:05:07,511 INFO exited: api_8101 (exit status 1; not expected)
2019-09-04 21:05:08,514 INFO spawned: 'api_8101' with pid 2129
2019-09-04 21:05:09,855 INFO success: api_8101 entered RUNNING state, process has stayed up for > than 1 seconds (startsecs)
2019-09-04 21:05:12,709 INFO exited: api_8101 (exit status 1; not expected)
2019-09-04 21:05:13,713 INFO spawned: 'api_8101' with pid 2200
2019-09-04 21:05:15,068 INFO success: api_8101 entered RUNNING state, process has stayed up for > than 1 seconds (startsecs)
2019-09-04 21:05:18,465 INFO exited: api_8101 (exit status 1; not expected)
2019-09-04 21:05:19,469 INFO spawned: 'api_8101' with pid 2261
2019-09-04 21:05:20,768 INFO success: api_8101 entered RUNNING state, process has stayed up for > than 1 seconds (startsecs)
2019-09-04 21:05:23,671 INFO exited: api_8101 (exit status 1; not expected)
2019-09-04 21:05:24,674 INFO spawned: 'api_8101' with pid 2322
2019-09-04 21:05:26,045 INFO success: api_8101 entered RUNNING state, process has stayed up for > than 1 seconds (startsecs)
2019-09-04 21:05:29,347 INFO exited: api_8101 (exit status 1; not expected)
2019-09-04 21:05:30,351 INFO spawned: 'api_8101' with pid 2393
2019-09-04 21:05:31,699 INFO success: api_8101 entered RUNNING state, process has stayed up for > than 1 seconds (startsecs)
2019-09-04 21:05:34,562 INFO exited: api_8101 (exit status 1; not expected)
2019-09-04 21:05:35,565 INFO spawned: 'api_8101' with pid 2454
2019-09-04 21:05:36,940 INFO success: api_8101 entered RUNNING state, process has stayed up for > than 1 seconds (startsecs)
2019-09-04 21:05:39,795 INFO exited: api_8101 (exit status 1; not expected)
2019-09-04 21:05:40,798 INFO spawned: 'api_8101' with pid 2515
2019-09-04 21:05:42,127 INFO success: api_8101 entered RUNNING state, process has stayed up for > than 1 seconds (startsecs)
2019-09-04 21:05:44,973 INFO exited: api_8101 (exit status 1; not expected)
2019-09-04 21:05:45,976 INFO spawned: 'api_8101' with pid 2576
2019-09-04 21:05:47,315 INFO success: api_8101 entered RUNNING state, process has stayed up for > than 1 seconds (startsecs)
2019-09-04 21:05:50,156 INFO exited: api_8101 (exit status 1; not expected)
2019-09-04 21:05:51,160 INFO spawned: 'api_8101' with pid 2647
2019-09-04 21:05:52,489 INFO success: api_8101 entered RUNNING state, process has stayed up for > than 1 seconds (startsecs)
2019-09-04 21:05:55,352 INFO exited: api_8101 (exit status 1; not expected)
2019-09-04 21:05:56,355 INFO spawned: 'api_8101' with pid 2708
2019-09-04 21:05:57,726 INFO success: api_8101 entered RUNNING state, process has stayed up for > than 1 seconds (startsecs)
2019-09-04 21:06:02,551 INFO exited: api_8101 (exit status 1; not expected)
2019-09-04 21:06:03,555 INFO spawned: 'api_8101' with pid 2789
2019-09-04 21:06:04,881 INFO success: api_8101 entered RUNNING state, process has stayed up for > than 1 seconds (startsecs)
2019-09-04 21:06:07,737 INFO exited: api_8101 (exit status 1; not expected)
2019-09-04 21:06:08,740 INFO spawned: 'api_8101' with pid 2850
2019-09-04 21:06:10,081 INFO success: api_8101 entered RUNNING state, process has stayed up for > than 1 seconds (startsecs)
2019-09-04 21:06:12,939 INFO exited: api_8101 (exit status 1; not expected)
2019-09-04 21:06:13,942 INFO spawned: 'api_8101' with pid 2911
2019-09-04 21:06:15,312 INFO success: api_8101 entered RUNNING state, process has stayed up for > than 1 seconds (startsecs)
2019-09-04 21:06:18,664 INFO exited: api_8101 (exit status 1; not expected)
2019-09-04 21:06:19,668 INFO spawned: 'api_8101' with pid 2982
2019-09-04 21:06:21,012 INFO success: api_8101 entered RUNNING state, process has stayed up for > than 1 seconds (startsecs)
2019-09-04 21:06:24,365 INFO exited: api_8101 (exit status 1; not expected)
2019-09-04 21:06:25,368 INFO spawned: 'api_8101' with pid 3043
2019-09-04 21:06:26,747 INFO success: api_8101 entered RUNNING state, process has stayed up for > than 1 seconds (startsecs)
2019-09-04 21:06:31,111 INFO exited: api_8101 (exit status 1; not expected)
2019-09-04 21:06:32,114 INFO spawned: 'api_8101' with pid 3124
2019-09-04 21:06:33,499 INFO success: api_8101 entered RUNNING state, process has stayed up for > than 1 seconds (startsecs)
2019-09-04 21:06:36,299 INFO exited: api_8101 (exit status 1; not expected)
2019-09-04 21:06:36,301 INFO spawned: 'api_8101' with pid 3175
2019-09-04 21:06:37,646 INFO success: api_8101 entered RUNNING state, process has stayed up for > than 1 seconds (startsecs)
2019-09-04 21:06:40,494 INFO exited: api_8101 (exit status 1; not expected)
2019-09-04 21:06:41,498 INFO spawned: 'api_8101' with pid 3236
2019-09-04 21:06:42,799 INFO success: api_8101 entered RUNNING state, process has stayed up for > than 1 seconds (startsecs)
2019-09-04 21:06:45,698 INFO exited: api_8101 (exit status 1; not expected)
2019-09-04 21:06:46,701 INFO spawned: 'api_8101' with pid 3297
2019-09-04 21:06:48,035 INFO success: api_8101 entered RUNNING state, process has stayed up for > than 1 seconds (startsecs)
2019-09-04 21:06:50,931 INFO exited: api_8101 (exit status 1; not expected)
2019-09-04 21:06:51,934 INFO spawned: 'api_8101' with pid 3368
2019-09-04 21:06:53,276 INFO success: api_8101 entered RUNNING state, process has stayed up for > than 1 seconds (startsecs)
2019-09-04 21:06:56,132 INFO exited: api_8101 (exit status 1; not expected)
2019-09-04 21:06:57,135 INFO spawned: 'api_8101' with pid 3429
2019-09-04 21:06:58,478 INFO success: api_8101 entered RUNNING state, process has stayed up for > than 1 seconds (startsecs)
2019-09-04 21:07:01,337 INFO exited: api_8101 (exit status 1; not expected)
2019-09-04 21:07:02,340 INFO spawned: 'api_8101' with pid 3490
2019-09-04 21:07:03,704 INFO success: api_8101 entered RUNNING state, process has stayed up for > than 1 seconds (startsecs)
2019-09-04 21:07:06,562 INFO exited: api_8101 (exit status 1; not expected)
2019-09-04 21:07:07,566 INFO spawned: 'api_8101' with pid 3551
2019-09-04 21:07:08,907 INFO success: api_8101 entered RUNNING state, process has stayed up for > than 1 seconds (startsecs)
2019-09-04 21:07:12,265 INFO exited: api_8101 (exit status 1; not expected)
2019-09-04 21:07:13,268 INFO spawned: 'api_8101' with pid 3622
2019-09-04 21:07:14,593 INFO success: api_8101 entered RUNNING state, process has stayed up for > than 1 seconds (startsecs)
2019-09-04 21:07:17,436 INFO exited: api_8101 (exit status 1; not expected)
2019-09-04 21:07:18,439 INFO spawned: 'api_8101' with pid 3683
2019-09-04 21:07:19,772 INFO success: api_8101 entered RUNNING state, process has stayed up for > than 1 seconds (startsecs)
2019-09-04 21:07:22,635 INFO exited: api_8101 (exit status 1; not expected)
2019-09-04 21:07:23,639 INFO spawned: 'api_8101' with pid 3744
2019-09-04 21:07:24,977 INFO success: api_8101 entered RUNNING state, process has stayed up for > than 1 seconds (startsecs)
2019-09-04 21:07:30,335 INFO exited: api_8101 (exit status 1; not expected)
2019-09-04 21:07:31,338 INFO spawned: 'api_8101' with pid 3825
2019-09-04 21:07:32,652 INFO success: api_8101 entered RUNNING state, process has stayed up for > than 1 seconds (startsecs)
2019-09-04 21:07:39,040 INFO exited: api_8101 (exit status 1; not expected)
2019-09-04 21:07:40,043 INFO spawned: 'api_8101' with pid 3926
2019-09-04 21:07:41,390 INFO success: api_8101 entered RUNNING state, process has stayed up for > than 1 seconds (startsecs)
2019-09-04 21:07:44,246 INFO exited: api_8101 (exit status 1; not expected)
2019-09-04 21:07:45,249 INFO spawned: 'api_8101' with pid 3987
2019-09-04 21:07:46,601 INFO success: api_8101 entered RUNNING state, process has stayed up for > than 1 seconds (startsecs)
2019-09-04 21:07:49,958 INFO exited: api_8101 (exit status 1; not expected)
2019-09-04 21:07:50,961 INFO spawned: 'api_8101' with pid 4058
2019-09-04 21:07:52,322 INFO success: api_8101 entered RUNNING state, process has stayed up for > than 1 seconds (startsecs)
2019-09-04 21:07:55,176 INFO exited: api_8101 (exit status 1; not expected)
2019-09-04 21:07:56,179 INFO spawned: 'api_8101' with pid 4119
2019-09-04 21:07:57,501 INFO success: api_8101 entered RUNNING state, process has stayed up for > than 1 seconds (startsecs)
2019-09-04 21:08:00,395 INFO exited: api_8101 (exit status 1; not expected)
2019-09-04 21:08:01,398 INFO spawned: 'api_8101' with pid 4180
2019-09-04 21:08:02,719 INFO success: api_8101 entered RUNNING state, process has stayed up for > than 1 seconds (startsecs)
2019-09-04 21:08:36,630 INFO exited: api_8101 (exit status 1; not expected)
2019-09-04 21:08:37,634 INFO spawned: 'api_8101' with pid 4552
2019-09-04 21:08:38,960 INFO success: api_8101 entered RUNNING state, process has stayed up for > than 1 seconds (startsecs)
2019-09-04 21:10:11,486 INFO exited: api_8101 (exit status 1; not expected)
2019-09-04 21:10:12,489 INFO spawned: 'api_8101' with pid 5503
2019-09-04 21:10:13,817 INFO success: api_8101 entered RUNNING state, process has stayed up for > than 1 seconds (startsecs)
2019-09-04 21:10:17,172 INFO exited: api_8101 (exit status 1; not expected)
2019-09-04 21:10:18,175 INFO spawned: 'api_8101' with pid 5564
2019-09-04 21:10:19,505 INFO success: api_8101 entered RUNNING state, process has stayed up for > than 1 seconds (startsecs)
2019-09-04 21:10:22,359 INFO exited: api_8101 (exit status 1; not expected)
2019-09-04 21:10:23,362 INFO spawned: 'api_8101' with pid 5625
2019-09-04 21:10:24,745 INFO success: api_8101 entered RUNNING state, process has stayed up for > than 1 seconds (startsecs)
2019-09-04 21:10:28,096 INFO exited: api_8101 (exit status 1; not expected)
2019-09-04 21:10:29,098 INFO spawned: 'api_8101' with pid 5696
2019-09-04 21:10:30,428 INFO success: api_8101 entered RUNNING state, process has stayed up for > than 1 seconds (startsecs)
2019-09-04 21:10:33,278 INFO exited: api_8101 (exit status 1; not expected)
2019-09-04 21:10:34,281 INFO spawned: 'api_8101' with pid 5757
2019-09-04 21:10:35,638 INFO success: api_8101 entered RUNNING state, process has stayed up for > than 1 seconds (startsecs)
2019-09-04 21:10:39,017 INFO exited: api_8101 (exit status 1; not expected)
2019-09-04 21:10:40,020 INFO spawned: 'api_8101' with pid 5828
2019-09-04 21:10:41,399 INFO success: api_8101 entered RUNNING state, process has stayed up for > than 1 seconds (startsecs)
2019-09-04 21:10:44,260 INFO exited: api_8101 (exit status 1; not expected)
2019-09-04 21:10:45,264 INFO spawned: 'api_8101' with pid 5889
2019-09-04 21:10:46,583 INFO success: api_8101 entered RUNNING state, process has stayed up for > than 1 seconds (startsecs)
2019-09-04 21:10:49,982 INFO exited: api_8101 (exit status 1; not expected)
2019-09-04 21:10:50,986 INFO spawned: 'api_8101' with pid 5960
2019-09-04 21:10:52,331 INFO success: api_8101 entered RUNNING state, process has stayed up for > than 1 seconds (startsecs)
2019-09-04 21:12:28,309 INFO exited: api_8101 (exit status 1; not expected)
2019-09-04 21:12:29,312 INFO spawned: 'api_8101' with pid 6956
2019-09-04 21:12:30,674 INFO success: api_8101 entered RUNNING state, process has stayed up for > than 1 seconds (startsecs)
2019-09-04 21:14:04,662 INFO exited: api_8101 (exit status 1; not expected)
2019-09-04 21:14:05,666 INFO spawned: 'api_8101' with pid 7921
2019-09-04 21:14:06,989 INFO success: api_8101 entered RUNNING state, process has stayed up for > than 1 seconds (startsecs)
2019-09-04 21:18:28,247 INFO exited: api_8101 (exit status 1; not expected)
2019-09-04 21:18:29,251 INFO spawned: 'api_8101' with pid 10565
2019-09-04 21:18:30,632 INFO success: api_8101 entered RUNNING state, process has stayed up for > than 1 seconds (startsecs)
2019-09-04 21:18:33,993 INFO exited: api_8101 (exit status 1; not expected)
2019-09-04 21:18:34,996 INFO spawned: 'api_8101' with pid 10626
2019-09-04 21:18:36,327 INFO success: api_8101 entered RUNNING state, process has stayed up for > than 1 seconds (startsecs)
2019-09-04 21:18:39,679 INFO exited: api_8101 (exit status 1; not expected)
2019-09-04 21:18:40,682 INFO spawned: 'api_8101' with pid 10697
2019-09-04 21:18:42,018 INFO success: api_8101 entered RUNNING state, process has stayed up for > than 1 seconds (startsecs)
2019-09-04 21:20:55,097 INFO exited: api_8101 (exit status 1; not expected)
2019-09-04 21:20:56,102 INFO spawned: 'api_8101' with pid 12048
2019-09-04 21:20:57,486 INFO success: api_8101 entered RUNNING state, process has stayed up for > than 1 seconds (startsecs)
2019-09-04 21:21:03,838 INFO exited: api_8101 (exit status 1; not expected)
2019-09-04 21:21:04,842 INFO spawned: 'api_8101' with pid 12139
2019-09-04 21:21:06,164 INFO success: api_8101 entered RUNNING state, process has stayed up for > than 1 seconds (startsecs)
2019-09-04 21:21:09,559 INFO exited: api_8101 (exit status 1; not expected)
2019-09-04 21:21:10,562 INFO spawned: 'api_8101' with pid 12210
2019-09-04 21:21:11,903 INFO success: api_8101 entered RUNNING state, process has stayed up for > than 1 seconds (startsecs)
2019-09-04 21:21:44,322 INFO exited: api_8101 (exit status 1; not expected)
2019-09-04 21:21:45,327 INFO spawned: 'api_8101' with pid 12561
2019-09-04 21:21:46,671 INFO success: api_8101 entered RUNNING state, process has stayed up for > than 1 seconds (startsecs)
2019-09-04 21:23:01,629 INFO exited: api_8101 (exit status 1; not expected)
2019-09-04 21:23:02,633 INFO spawned: 'api_8101' with pid 13342
2019-09-04 21:23:03,999 INFO success: api_8101 entered RUNNING state, process has stayed up for > than 1 seconds (startsecs)
2019-09-04 21:23:06,858 INFO exited: api_8101 (exit status 1; not expected)
2019-09-04 21:23:07,861 INFO spawned: 'api_8101' with pid 13403
2019-09-04 21:23:09,196 INFO success: api_8101 entered RUNNING state, process has stayed up for > than 1 seconds (startsecs)
2019-09-04 21:23:40,658 INFO exited: api_8101 (exit status 1; not expected)
2019-09-04 21:23:41,661 INFO spawned: 'api_8101' with pid 13744
2019-09-04 21:23:42,986 INFO success: api_8101 entered RUNNING state, process has stayed up for > than 1 seconds (startsecs)
2019-09-04 23:50:39,464 INFO exited: api_8101 (exit status 1; not expected)
2019-09-04 23:50:40,468 INFO spawned: 'api_8101' with pid 3739
2019-09-04 23:50:42,230 INFO success: api_8101 entered RUNNING state, process has stayed up for > than 1 seconds (startsecs)
2019-09-04 23:50:45,031 INFO exited: api_8101 (exit status 1; not expected)
2019-09-04 23:50:46,034 INFO spawned: 'api_8101' with pid 3810
2019-09-04 23:50:47,365 INFO success: api_8101 entered RUNNING state, process has stayed up for > than 1 seconds (startsecs)
2019-09-05 11:17:39,388 INFO exited: api_8101 (exit status 1; not expected)
2019-09-05 11:17:40,392 INFO spawned: 'api_8101' with pid 29727
2019-09-05 11:17:41,750 INFO success: api_8101 entered RUNNING state, process has stayed up for > than 1 seconds (startsecs)
2019-09-05 11:18:14,631 INFO exited: api_8101 (exit status 1; not expected)
2019-09-05 11:18:15,635 INFO spawned: 'api_8101' with pid 30088
2019-09-05 11:18:16,981 INFO success: api_8101 entered RUNNING state, process has stayed up for > than 1 seconds (startsecs)
